<?xml version="1.0" encoding="UTF-8"?>
<!-- Generated by org.testng.reporters.JUnitReportReporter -->
<testsuite hostname="PAT-R4P9" name="ecommunicate.ibeacon.dao.test.dbtester" tests="1" failures="0" timestamp="8 Jun 2016 11:27:44 GMT" time="0.003" errors="0">
  <testcase name="f" time="0.003" classname="ecommunicate.ibeacon.dao.test.dbtester"/>
</testsuite> <!-- ecommunicate.ibeacon.dao.test.dbtester -->
