<?xml version="1.0" encoding="UTF-8"?>
<!-- Generated by org.testng.reporters.JUnitReportReporter -->
<testsuite hostname="PAT-R4P10" name="ecommunicate.ibeacon.dao.test.dbtester" tests="1" failures="0" timestamp="9 Jun 2016 13:47:06 GMT" time="0.303" errors="0">
  <testcase name="f" time="0.303" classname="ecommunicate.ibeacon.dao.test.dbtester"/>
</testsuite> <!-- ecommunicate.ibeacon.dao.test.dbtester -->
